[   21297ms] [ERROR] Access to font at 'https://dugattyus.hu/assets/Bugrino-Medium-BerRJcN3.woff2' from origin 'http://localhost:3003' has been blocked by CORS policy: No 'Access-Control-Allow-Origin' header is present on the requested resource. @ http://localhost:3003/auth/login?next=%2Fadmin:0
[   21660ms] [ERROR] Failed to load resource: net::ERR_FAILED @ https://dugattyus.hu/assets/Bugrino-Medium-BerRJcN3.woff2:0
[  280094ms] [ERROR] Access to font at 'https://dugattyus.hu/assets/Bugrino-Medium-BerRJcN3.woff2' from origin 'http://localhost:3003' has been blocked by CORS policy: No 'Access-Control-Allow-Origin' header is present on the requested resource. @ http://localhost:3003/auth/login?next=%2Fadmin:0
[  280101ms] [ERROR] Failed to load resource: net::ERR_FAILED @ https://dugattyus.hu/assets/Bugrino-Medium-BerRJcN3.woff2:0
[  325457ms] [ERROR] Access to font at 'https://dugattyus.hu/assets/Bugrino-Medium-BerRJcN3.woff2' from origin 'http://localhost:3003' has been blocked by CORS policy: No 'Access-Control-Allow-Origin' header is present on the requested resource. @ http://localhost:3003/auth/login?next=%2Fadmin:0
[  325458ms] [ERROR] Failed to load resource: net::ERR_FAILED @ https://dugattyus.hu/assets/Bugrino-Medium-BerRJcN3.woff2:0
[  378272ms] [ERROR] Access to font at 'https://dugattyus.hu/assets/Bugrino-Medium-BerRJcN3.woff2' from origin 'http://localhost:3003' has been blocked by CORS policy: No 'Access-Control-Allow-Origin' header is present on the requested resource. @ http://localhost:3003/auth/login?next=%2Fadmin:0
[  378274ms] [ERROR] Failed to load resource: net::ERR_FAILED @ https://dugattyus.hu/assets/Bugrino-Medium-BerRJcN3.woff2:0
[  482187ms] [ERROR] Access to font at 'https://dugattyus.hu/assets/Bugrino-Medium-BerRJcN3.woff2' from origin 'http://localhost:3003' has been blocked by CORS policy: No 'Access-Control-Allow-Origin' header is present on the requested resource. @ http://localhost:3003/auth/login?next=%2Fadmin:0
[  482188ms] [ERROR] Failed to load resource: net::ERR_FAILED @ https://dugattyus.hu/assets/Bugrino-Medium-BerRJcN3.woff2:0
[  524458ms] [ERROR] Access to font at 'https://dugattyus.hu/assets/Bugrino-Medium-BerRJcN3.woff2' from origin 'http://localhost:3003' has been blocked by CORS policy: No 'Access-Control-Allow-Origin' header is present on the requested resource. @ http://localhost:3003/auth/login?next=%2Fadmin:0
[  524460ms] [ERROR] Failed to load resource: net::ERR_FAILED @ https://dugattyus.hu/assets/Bugrino-Medium-BerRJcN3.woff2:0
[  561842ms] [ERROR] Access to font at 'https://dugattyus.hu/assets/Bugrino-Medium-BerRJcN3.woff2' from origin 'http://localhost:3003' has been blocked by CORS policy: No 'Access-Control-Allow-Origin' header is present on the requested resource. @ http://localhost:3003/auth/login?next=%2Fadmin:0
[  561844ms] [ERROR] Failed to load resource: net::ERR_FAILED @ https://dugattyus.hu/assets/Bugrino-Medium-BerRJcN3.woff2:0
[  591040ms] [ERROR] Access to font at 'https://dugattyus.hu/assets/Bugrino-Medium-BerRJcN3.woff2' from origin 'http://localhost:3003' has been blocked by CORS policy: No 'Access-Control-Allow-Origin' header is present on the requested resource. @ http://localhost:3003/auth/login?next=%2Fadmin:0
[  591041ms] [ERROR] Failed to load resource: net::ERR_FAILED @ https://dugattyus.hu/assets/Bugrino-Medium-BerRJcN3.woff2:0
[  621578ms] [ERROR] Access to font at 'https://dugattyus.hu/assets/Bugrino-Medium-BerRJcN3.woff2' from origin 'http://localhost:3003' has been blocked by CORS policy: No 'Access-Control-Allow-Origin' header is present on the requested resource. @ http://localhost:3003/auth/login?next=%2Fadmin:0
[  621579ms] [ERROR] Failed to load resource: net::ERR_FAILED @ https://dugattyus.hu/assets/Bugrino-Medium-BerRJcN3.woff2:0
[  667277ms] [ERROR] Access to font at 'https://dugattyus.hu/assets/Bugrino-Medium-BerRJcN3.woff2' from origin 'http://localhost:3003' has been blocked by CORS policy: No 'Access-Control-Allow-Origin' header is present on the requested resource. @ http://localhost:3003/auth/login?next=%2Fadmin:0
[  667280ms] [ERROR] Failed to load resource: net::ERR_FAILED @ https://dugattyus.hu/assets/Bugrino-Medium-BerRJcN3.woff2:0
[  695337ms] [ERROR] Access to font at 'https://dugattyus.hu/assets/Bugrino-Medium-BerRJcN3.woff2' from origin 'http://localhost:3003' has been blocked by CORS policy: No 'Access-Control-Allow-Origin' header is present on the requested resource. @ http://localhost:3003/auth/login?next=%2Fadmin:0
[  695348ms] [ERROR] Failed to load resource: net::ERR_FAILED @ https://dugattyus.hu/assets/Bugrino-Medium-BerRJcN3.woff2:0
[  742154ms] [ERROR] Access to font at 'https://dugattyus.hu/assets/Bugrino-Medium-BerRJcN3.woff2' from origin 'http://localhost:3003' has been blocked by CORS policy: No 'Access-Control-Allow-Origin' header is present on the requested resource. @ http://localhost:3003/auth/login?next=%2Fadmin:0
[  742155ms] [ERROR] Failed to load resource: net::ERR_FAILED @ https://dugattyus.hu/assets/Bugrino-Medium-BerRJcN3.woff2:0
[  768247ms] [ERROR] Access to font at 'https://dugattyus.hu/assets/Bugrino-Medium-BerRJcN3.woff2' from origin 'http://localhost:3003' has been blocked by CORS policy: No 'Access-Control-Allow-Origin' header is present on the requested resource. @ http://localhost:3003/auth/login?next=%2Fadmin:0
[  768248ms] [ERROR] Failed to load resource: net::ERR_FAILED @ https://dugattyus.hu/assets/Bugrino-Medium-BerRJcN3.woff2:0
[  808670ms] [ERROR] Access to font at 'https://dugattyus.hu/assets/Bugrino-Medium-BerRJcN3.woff2' from origin 'http://localhost:3003' has been blocked by CORS policy: No 'Access-Control-Allow-Origin' header is present on the requested resource. @ http://localhost:3003/auth/login?next=%2Fadmin:0
[  808671ms] [ERROR] Failed to load resource: net::ERR_FAILED @ https://dugattyus.hu/assets/Bugrino-Medium-BerRJcN3.woff2:0
[ 1012151ms] [ERROR] Access to font at 'https://dugattyus.hu/assets/Bugrino-Medium-BerRJcN3.woff2' from origin 'http://localhost:3003' has been blocked by CORS policy: No 'Access-Control-Allow-Origin' header is present on the requested resource. @ http://localhost:3003/auth/login?next=%2Fadmin:0
[ 1012152ms] [ERROR] Failed to load resource: net::ERR_FAILED @ https://dugattyus.hu/assets/Bugrino-Medium-BerRJcN3.woff2:0
[ 1047177ms] [ERROR] Access to font at 'https://dugattyus.hu/assets/Bugrino-Medium-BerRJcN3.woff2' from origin 'http://localhost:3003' has been blocked by CORS policy: No 'Access-Control-Allow-Origin' header is present on the requested resource. @ http://localhost:3003/auth/login?next=%2Fadmin:0
[ 1047177ms] [ERROR] Failed to load resource: net::ERR_FAILED @ https://dugattyus.hu/assets/Bugrino-Medium-BerRJcN3.woff2:0
[ 1134005ms] [ERROR] Access to font at 'https://dugattyus.hu/assets/Bugrino-Medium-BerRJcN3.woff2' from origin 'http://localhost:3003' has been blocked by CORS policy: No 'Access-Control-Allow-Origin' header is present on the requested resource. @ http://localhost:3003/auth/login?next=%2Fadmin:0
[ 1134007ms] [ERROR] Failed to load resource: net::ERR_FAILED @ https://dugattyus.hu/assets/Bugrino-Medium-BerRJcN3.woff2:0
[ 1168782ms] [ERROR] Access to font at 'https://dugattyus.hu/assets/Bugrino-Medium-BerRJcN3.woff2' from origin 'http://localhost:3003' has been blocked by CORS policy: No 'Access-Control-Allow-Origin' header is present on the requested resource. @ http://localhost:3003/auth/login?next=%2Fadmin:0
[ 1168783ms] [ERROR] Failed to load resource: net::ERR_FAILED @ https://dugattyus.hu/assets/Bugrino-Medium-BerRJcN3.woff2:0
[ 1216011ms] [ERROR] Access to font at 'https://dugattyus.hu/assets/Bugrino-Medium-BerRJcN3.woff2' from origin 'http://localhost:3003' has been blocked by CORS policy: No 'Access-Control-Allow-Origin' header is present on the requested resource. @ http://localhost:3003/auth/login?next=%2Fadmin:0
[ 1216013ms] [ERROR] Failed to load resource: net::ERR_FAILED @ https://dugattyus.hu/assets/Bugrino-Medium-BerRJcN3.woff2:0
