[     905ms] [ERROR] Access to font at 'https://dugattyus.hu/assets/Bugrino-Medium-BerRJcN3.woff2' from origin 'http://localhost:3000' has been blocked by CORS policy: No 'Access-Control-Allow-Origin' header is present on the requested resource. @ http://localhost:3000/admin/foglalasok/184723cb-7467-4869-9e42-271cce0934a7:0
[     905ms] [ERROR] Failed to load resource: net::ERR_FAILED @ https://dugattyus.hu/assets/Bugrino-Medium-BerRJcN3.woff2:0
[  186277ms] [ERROR] Failed to load resource: the server responded with a status of 500 (Internal Server Error) @ http://localhost:3000/api/invoices/final:0
[  224124ms] [ERROR] Access to font at 'https://dugattyus.hu/assets/Bugrino-Medium-BerRJcN3.woff2' from origin 'http://localhost:3000' has been blocked by CORS policy: No 'Access-Control-Allow-Origin' header is present on the requested resource. @ http://localhost:3000/admin/foglalasok/184723cb-7467-4869-9e42-271cce0934a7:0
[  224124ms] [ERROR] Failed to load resource: net::ERR_FAILED @ https://dugattyus.hu/assets/Bugrino-Medium-BerRJcN3.woff2:0
[  228546ms] [ERROR] Failed to load resource: the server responded with a status of 500 (Internal Server Error) @ http://localhost:3000/api/invoices/final:0
[  234446ms] [ERROR] Access to font at 'https://dugattyus.hu/assets/Bugrino-Medium-BerRJcN3.woff2' from origin 'http://localhost:3000' has been blocked by CORS policy: No 'Access-Control-Allow-Origin' header is present on the requested resource. @ http://localhost:3000/admin/foglalasok/184723cb-7467-4869-9e42-271cce0934a7:0
[  234446ms] [ERROR] Failed to load resource: net::ERR_FAILED @ https://dugattyus.hu/assets/Bugrino-Medium-BerRJcN3.woff2:0
[  244661ms] [ERROR] Failed to load resource: the server responded with a status of 500 (Internal Server Error) @ http://localhost:3000/api/invoices/final:0
[  246588ms] [ERROR] Access to font at 'https://dugattyus.hu/assets/Bugrino-Medium-BerRJcN3.woff2' from origin 'http://localhost:3000' has been blocked by CORS policy: No 'Access-Control-Allow-Origin' header is present on the requested resource. @ http://localhost:3000/admin/foglalasok/184723cb-7467-4869-9e42-271cce0934a7:0
[  246589ms] [ERROR] Failed to load resource: net::ERR_FAILED @ https://dugattyus.hu/assets/Bugrino-Medium-BerRJcN3.woff2:0
[  283358ms] [ERROR] Access to font at 'https://dugattyus.hu/assets/Bugrino-Medium-BerRJcN3.woff2' from origin 'http://localhost:3000' has been blocked by CORS policy: No 'Access-Control-Allow-Origin' header is present on the requested resource. @ http://localhost:3000/admin/foglalasok/184723cb-7467-4869-9e42-271cce0934a7:0
[  283358ms] [ERROR] Failed to load resource: net::ERR_FAILED @ https://dugattyus.hu/assets/Bugrino-Medium-BerRJcN3.woff2:0
[  294794ms] [ERROR] Failed to load resource: the server responded with a status of 404 (Not Found) @ http://localhost:3000/admin/naptar:0
[  296677ms] [ERROR] Failed to load resource: the server responded with a status of 404 (Not Found) @ http://localhost:3000/admin/naptar:0
[  352110ms] [ERROR] Failed to load resource: the server responded with a status of 404 (Not Found) @ http://localhost:3000/admin/naptar?_rsc=kw9md:0
[  352279ms] [ERROR] Failed to load resource: the server responded with a status of 404 (Not Found) @ http://localhost:3000/admin/naptar?_rsc=kw9md:0
[  352367ms] [ERROR] Failed to load resource: the server responded with a status of 404 (Not Found) @ http://localhost:3000/admin/naptar:0
[  364157ms] [ERROR] Failed to load resource: the server responded with a status of 404 (Not Found) @ http://localhost:3000/admin/naptar?_rsc=kw9md:0
[  364492ms] [ERROR] Failed to load resource: the server responded with a status of 404 (Not Found) @ http://localhost:3000/admin/naptar?_rsc=kw9md:0
[  364691ms] [ERROR] Failed to load resource: the server responded with a status of 404 (Not Found) @ http://localhost:3000/admin/naptar:0
[  385846ms] [ERROR] Failed to load resource: the server responded with a status of 404 (Not Found) @ http://localhost:3000/admin/naptar:0
[  395490ms] [ERROR] Failed to load resource: the server responded with a status of 404 (Not Found) @ http://localhost:3000/admin/naptar:0
[  442162ms] [ERROR] Access to font at 'https://dugattyus.hu/assets/Bugrino-Medium-BerRJcN3.woff2' from origin 'http://localhost:3000' has been blocked by CORS policy: No 'Access-Control-Allow-Origin' header is present on the requested resource. @ http://localhost:3000/admin/naptar:0
[  442162ms] [ERROR] Failed to load resource: net::ERR_FAILED @ https://dugattyus.hu/assets/Bugrino-Medium-BerRJcN3.woff2:0
[  443011ms] Error: Hydration failed because the server rendered HTML didn't match the client. As a result this tree will be regenerated on the client. This can happen if a SSR-ed Client Component used:

- A server/client branch `if (typeof window !== 'undefined')`.
- Variable input such as `Date.now()` or `Math.random()` which changes each time it's called.
- Date formatting in a user's locale which doesn't match the server.
- External changing data without sending a snapshot of it along with the HTML.
- Invalid HTML tag nesting.

It can also happen if the client has a browser extension installed which messes with the HTML before React loaded.

https://react.dev/link/hydration-mismatch

  ...
    <HTTPAccessFallbackBoundary notFound={undefined} forbidden={undefined} unauthorized={undefined}>
      <RedirectBoundary>
        <RedirectErrorBoundary router={{...}}>
          <InnerLayoutRouter url="/admin/naptar" tree={[...]} params={{}} cacheNode={{rsc:<Fragment>, ...}} ...>
            <SegmentViewNode type="page" pagePath="/studyu/sr...">
              <SegmentTrieNode>
              <ClientPageRoot Component={function CalendarPage} serverProvidedParams={{...}}>
                <CalendarPage params={Promise} searchParams={Promise}>
                  <div>
                    <div>
                    <div>
                    <CalendarSkeleton viewMode="week">
                      <div className="bg-white b..." style={{...}}>
                        <div className="grid grid-...">
                          <div className="min-h-[200...">
                            <div>
                            <div className="p-2 space-y-2">
                              <div>
+                             <div className="h-16 bg-gray-100 animate-pulse border-[2px] border-gray-200 rounded">
                          ...
                    ...
            ...
          ...

    at throwOnHydrationMismatch (http://localhost:3000/_next/static/chunks/584eb_next_dist_compiled_react-dom_f114e49a._.js:3348:56)
    at beginWork (http://localhost:3000/_next/static/chunks/584eb_next_dist_compiled_react-dom_f114e49a._.js:6775:918)
    at runWithFiberInDEV (http://localhost:3000/_next/static/chunks/584eb_next_dist_compiled_react-dom_f114e49a._.js:965:74)
    at performUnitOfWork (http://localhost:3000/_next/static/chunks/584eb_next_dist_compiled_react-dom_f114e49a._.js:9562:97)
    at workLoopConcurrentByScheduler (http://localhost:3000/_next/static/chunks/584eb_next_dist_compiled_react-dom_f114e49a._.js:9558:58)
    at renderRootConcurrent (http://localhost:3000/_next/static/chunks/584eb_next_dist_compiled_react-dom_f114e49a._.js:9541:71)
    at performWorkOnRoot (http://localhost:3000/_next/static/chunks/584eb_next_dist_compiled_react-dom_f114e49a._.js:9068:150)
    at performWorkOnRootViaSchedulerTask (http://localhost:3000/_next/static/chunks/584eb_next_dist_compiled_react-dom_f114e49a._.js:10230:9)
    at MessagePort.performWorkUntilDeadline (http://localhost:3000/_next/static/chunks/584eb_next_dist_compiled_c3ee2975._.js:2647:64)
[  523701ms] [ERROR] Access to font at 'https://dugattyus.hu/assets/Bugrino-Medium-BerRJcN3.woff2' from origin 'http://localhost:3000' has been blocked by CORS policy: No 'Access-Control-Allow-Origin' header is present on the requested resource. @ http://localhost:3000/admin/naptar:0
[  523701ms] [ERROR] Failed to load resource: net::ERR_FAILED @ https://dugattyus.hu/assets/Bugrino-Medium-BerRJcN3.woff2:0
[  523836ms] Error: Hydration failed because the server rendered HTML didn't match the client. As a result this tree will be regenerated on the client. This can happen if a SSR-ed Client Component used:

- A server/client branch `if (typeof window !== 'undefined')`.
- Variable input such as `Date.now()` or `Math.random()` which changes each time it's called.
- Date formatting in a user's locale which doesn't match the server.
- External changing data without sending a snapshot of it along with the HTML.
- Invalid HTML tag nesting.

It can also happen if the client has a browser extension installed which messes with the HTML before React loaded.

https://react.dev/link/hydration-mismatch

  ...
    <HTTPAccessFallbackBoundary notFound={undefined} forbidden={undefined} unauthorized={undefined}>
      <RedirectBoundary>
        <RedirectErrorBoundary router={{...}}>
          <InnerLayoutRouter url="/admin/naptar" tree={[...]} params={{}} cacheNode={{rsc:<Fragment>, ...}} ...>
            <SegmentViewNode type="page" pagePath="/studyu/sr...">
              <SegmentTrieNode>
              <ClientPageRoot Component={function CalendarPage} serverProvidedParams={{...}}>
                <CalendarPage params={Promise} searchParams={Promise}>
                  <div>
                    <div>
                    <div>
                    <CalendarSkeleton viewMode="week">
                      <div className="bg-white b..." style={{...}}>
                        <div className="grid grid-...">
                          <div>
                          <div className="min-h-[200...">
                            <div>
                            <div className="p-2 space-y-2">
                              <div>
+                             <div className="h-16 bg-gray-100 animate-pulse border-[2px] border-gray-200 rounded">
                          ...
                    ...
            ...
          ...

    at throwOnHydrationMismatch (http://localhost:3000/_next/static/chunks/584eb_next_dist_compiled_react-dom_f114e49a._.js:3348:56)
    at beginWork (http://localhost:3000/_next/static/chunks/584eb_next_dist_compiled_react-dom_f114e49a._.js:6775:918)
    at runWithFiberInDEV (http://localhost:3000/_next/static/chunks/584eb_next_dist_compiled_react-dom_f114e49a._.js:965:74)
    at performUnitOfWork (http://localhost:3000/_next/static/chunks/584eb_next_dist_compiled_react-dom_f114e49a._.js:9562:97)
    at workLoopConcurrentByScheduler (http://localhost:3000/_next/static/chunks/584eb_next_dist_compiled_react-dom_f114e49a._.js:9558:58)
    at renderRootConcurrent (http://localhost:3000/_next/static/chunks/584eb_next_dist_compiled_react-dom_f114e49a._.js:9541:71)
    at performWorkOnRoot (http://localhost:3000/_next/static/chunks/584eb_next_dist_compiled_react-dom_f114e49a._.js:9068:150)
    at performWorkOnRootViaSchedulerTask (http://localhost:3000/_next/static/chunks/584eb_next_dist_compiled_react-dom_f114e49a._.js:10230:9)
    at MessagePort.performWorkUntilDeadline (http://localhost:3000/_next/static/chunks/584eb_next_dist_compiled_c3ee2975._.js:2647:64)
[  732044ms] [ERROR] Access to font at 'https://dugattyus.hu/assets/Bugrino-Medium-BerRJcN3.woff2' from origin 'http://localhost:3000' has been blocked by CORS policy: No 'Access-Control-Allow-Origin' header is present on the requested resource. @ http://localhost:3000/admin/naptar:0
[  732044ms] [ERROR] Failed to load resource: net::ERR_FAILED @ https://dugattyus.hu/assets/Bugrino-Medium-BerRJcN3.woff2:0
[  732203ms] Error: Hydration failed because the server rendered HTML didn't match the client. As a result this tree will be regenerated on the client. This can happen if a SSR-ed Client Component used:

- A server/client branch `if (typeof window !== 'undefined')`.
- Variable input such as `Date.now()` or `Math.random()` which changes each time it's called.
- Date formatting in a user's locale which doesn't match the server.
- External changing data without sending a snapshot of it along with the HTML.
- Invalid HTML tag nesting.

It can also happen if the client has a browser extension installed which messes with the HTML before React loaded.

https://react.dev/link/hydration-mismatch

  ...
    <LoadingBoundary name="naptar/" loading={null}>
      <HTTPAccessFallbackBoundary notFound={undefined} forbidden={undefined} unauthorized={undefined}>
        <RedirectBoundary>
          <RedirectErrorBoundary router={{...}}>
            <InnerLayoutRouter url="/admin/naptar" tree={[...]} params={{}} cacheNode={{rsc:<Fragment>, ...}} ...>
              <SegmentViewNode type="page" pagePath="/studyu/sr...">
                <SegmentTrieNode>
                <ClientPageRoot Component={function CalendarPage} serverProvidedParams={{...}}>
                  <CalendarPage params={Promise} searchParams={Promise}>
                    <div>
                      <div>
                      <div>
                      <CalendarSkeleton viewMode="week">
                        <div className="bg-white b..." style={{...}}>
                          <div className="grid grid-...">
                            <div>
                            <div className="min-h-[200...">
                              <div>
                              <div className="p-2 space-y-2">
-                               <div className="h-16 bg-gray-100 animate-pulse border-[2px] border-gray-200 rounded">
                            ...
                      ...
              ...
            ...

    at throwOnHydrationMismatch (http://localhost:3000/_next/static/chunks/584eb_next_dist_compiled_react-dom_f114e49a._.js:3348:56)
    at popHydrationState (http://localhost:3000/_next/static/chunks/584eb_next_dist_compiled_react-dom_f114e49a._.js:3433:13)
    at completeWork (http://localhost:3000/_next/static/chunks/584eb_next_dist_compiled_react-dom_f114e49a._.js:6934:25)
    at runWithFiberInDEV (http://localhost:3000/_next/static/chunks/584eb_next_dist_compiled_react-dom_f114e49a._.js:965:74)
    at completeUnitOfWork (http://localhost:3000/_next/static/chunks/584eb_next_dist_compiled_react-dom_f114e49a._.js:9627:23)
    at performUnitOfWork (http://localhost:3000/_next/static/chunks/584eb_next_dist_compiled_react-dom_f114e49a._.js:9564:28)
    at workLoopConcurrentByScheduler (http://localhost:3000/_next/static/chunks/584eb_next_dist_compiled_react-dom_f114e49a._.js:9558:58)
    at renderRootConcurrent (http://localhost:3000/_next/static/chunks/584eb_next_dist_compiled_react-dom_f114e49a._.js:9541:71)
    at performWorkOnRoot (http://localhost:3000/_next/static/chunks/584eb_next_dist_compiled_react-dom_f114e49a._.js:9068:150)
    at performWorkOnRootViaSchedulerTask (http://localhost:3000/_next/static/chunks/584eb_next_dist_compiled_react-dom_f114e49a._.js:10230:9)
    at MessagePort.performWorkUntilDeadline (http://localhost:3000/_next/static/chunks/584eb_next_dist_compiled_c3ee2975._.js:2647:64)
[ 1017574ms] [ERROR] Access to font at 'https://dugattyus.hu/assets/Bugrino-Medium-BerRJcN3.woff2' from origin 'http://localhost:3000' has been blocked by CORS policy: No 'Access-Control-Allow-Origin' header is present on the requested resource. @ http://localhost:3000/admin/foglalasok/184723cb-7467-4869-9e42-271cce0934a7:0
[ 1017574ms] [ERROR] Failed to load resource: net::ERR_FAILED @ https://dugattyus.hu/assets/Bugrino-Medium-BerRJcN3.woff2:0
[ 1363886ms] [ERROR] Failed to load resource: the server responded with a status of 500 (Internal Server Error) @ http://localhost:3000/admin/idopontok?_rsc=1vya5:0
[ 1364981ms] [ERROR] Failed to load resource: the server responded with a status of 500 (Internal Server Error) @ http://localhost:3000/admin/idopontok?_rsc=1vya5:0
[ 1366113ms] [ERROR] Failed to load resource: the server responded with a status of 500 (Internal Server Error) @ http://localhost:3000/admin/idopontok:0
[ 1366377ms] ReferenceError: UsersIcon is not defined
    at module evaluation (file:///Users/pixeloid/VSCode/studyu/.next/dev/server/chunks/ssr/studyu_src_app_admin_layout_tsx_9a9aa907._.js:40:15)
    at instantiateModule (file:///Users/pixeloid/VSCode/studyu/.next/dev/server/chunks/ssr/[turbopack]_runtime.js:740:9)
    at getOrInstantiateModuleFromParent (file:///Users/pixeloid/VSCode/studyu/.next/dev/server/chunks/ssr/[turbopack]_runtime.js:763:12)
    at Context.esmImport [as i] (file:///Users/pixeloid/VSCode/studyu/.next/dev/server/chunks/ssr/[turbopack]_runtime.js:228:20)
    at module evaluation (file:///Users/pixeloid/VSCode/studyu/.next/dev/server/chunks/ssr/[root-of-the-server]__f80a671c._.js:18:47)
    at instantiateModule (file:///Users/pixeloid/VSCode/studyu/.next/dev/server/chunks/ssr/[turbopack]_runtime.js:740:9)
    at getOrInstantiateModuleFromParent (file:///Users/pixeloid/VSCode/studyu/.next/dev/server/chunks/ssr/[turbopack]_runtime.js:763:12)
    at Context.commonJsRequire [as r] (file:///Users/pixeloid/VSCode/studyu/.next/dev/server/chunks/ssr/[turbopack]_runtime.js:249:12)
    at Array.__TURBOPACK__layout__$23$6__ (file:///Users/pixeloid/VSCode/studyu/.next/dev/server/chunks/ssr/584eb_next_dist_1afac695._.js:2556:64)
    at getLayoutOrPageModule (file:///Users/pixeloid/VSCode/studyu/node_modules/next/dist/compiled/next-server/app-page-turbo.runtime.dev.js:37:6488)
    at <unknown> (file:///Users/pixeloid/VSCode/studyu/node_modules/next/dist/compiled/next-server/app-page-turbo.runtime.dev.js:37:27408)
    at <unknown> (file:///Users/pixeloid/VSCode/studyu/node_modules/next/dist/server/lib/trace/tracer.js:185:36)
    at NoopContextManager.with (file:///Users/pixeloid/VSCode/studyu/node_modules/next/dist/compiled/@opentelemetry/api/index.js:1:7062)
    at ContextAPI.with (file:///Users/pixeloid/VSCode/studyu/node_modules/next/dist/compiled/@opentelemetry/api/index.js:1:518)
    at NoopTracer.startActiveSpan (file:///Users/pixeloid/VSCode/studyu/node_modules/next/dist/compiled/@opentelemetry/api/index.js:1:18093)
    at ProxyTracer.startActiveSpan (file:///Users/pixeloid/VSCode/studyu/node_modules/next/dist/compiled/@opentelemetry/api/index.js:1:18854)
    at <unknown> (file:///Users/pixeloid/VSCode/studyu/node_modules/next/dist/server/lib/trace/tracer.js:154:103)
    at NoopContextManager.with (file:///Users/pixeloid/VSCode/studyu/node_modules/next/dist/compiled/@opentelemetry/api/index.js:1:7062)
    at ContextAPI.with (file:///Users/pixeloid/VSCode/studyu/node_modules/next/dist/compiled/@opentelemetry/api/index.js:1:518)
    at NextTracerImpl.trace (file:///Users/pixeloid/VSCode/studyu/node_modules/next/dist/server/lib/trace/tracer.js:154:28)
    at createComponentTreeInternal (file:///Users/pixeloid/VSCode/studyu/node_modules/next/dist/compiled/next-server/app-page-turbo.runtime.dev.js:37:27245)
    at <unknown> (file:///Users/pixeloid/VSCode/studyu/node_modules/next/dist/compiled/next-server/app-page-turbo.runtime.dev.js:37:33615)
    at Array.map (<anonymous>)
    at createComponentTreeInternal (file:///Users/pixeloid/VSCode/studyu/node_modules/next/dist/compiled/next-server/app-page-turbo.runtime.dev.js:37:32872)
    at async walkTreeWithFlightRouterState (file:///Users/pixeloid/VSCode/studyu/node_modules/next/dist/compiled/next-server/app-page-turbo.runtime.dev.js:37:45617)
    at async generateDynamicRSCPayload (file:///Users/pixeloid/VSCode/studyu/node_modules/next/dist/compiled/next-server/app-page-turbo.runtime.dev.js:41:14292)
    at async generateDynamicFlightRenderResult (file:///Users/pixeloid/VSCode/studyu/node_modules/next/dist/compiled/next-server/app-page-turbo.runtime.dev.js:41:16432)
    at async doRender (file:///Users/pixeloid/VSCode/studyu/.next/dev/server/chunks/ssr/584eb_next_dist_1afac695._.js:2983:28)
    at async AppPageRouteModule.handleResponse (file:///Users/pixeloid/VSCode/studyu/node_modules/next/dist/compiled/next-server/app-page-turbo.runtime.dev.js:43:64241)
    at async handleResponse (file:///Users/pixeloid/VSCode/studyu/.next/dev/server/chunks/ssr/584eb_next_dist_1afac695._.js:3189:32)
    at async Module.handler (file:///Users/pixeloid/VSCode/studyu/.next/dev/server/chunks/ssr/584eb_next_dist_1afac695._.js:3560:20)
    at async DevServer.renderToResponseWithComponentsImpl (file:///Users/pixeloid/VSCode/studyu/node_modules/next/dist/server/base-server.js:1442:9)
    at async DevServer.renderPageComponent (file:///Users/pixeloid/VSCode/studyu/node_modules/next/dist/server/base-server.js:1494:24)
    at async DevServer.renderToResponseImpl (file:///Users/pixeloid/VSCode/studyu/node_modules/next/dist/server/base-server.js:1544:32)
    at async DevServer.pipeImpl (file:///Users/pixeloid/VSCode/studyu/node_modules/next/dist/server/base-server.js:1038:25)
    at async NextNodeServer.handleCatchallRenderRequest (file:///Users/pixeloid/VSCode/studyu/node_modules/next/dist/server/next-server.js:395:17)
    at async DevServer.handleRequestImpl (file:///Users/pixeloid/VSCode/studyu/node_modules/next/dist/server/base-server.js:929:17)
    at async (file:///Users/pixeloid/VSCode/studyu/node_modules/next/dist/server/dev/next-dev-server.js:387:20)
    at async Span.traceAsyncFn (file:///Users/pixeloid/VSCode/studyu/node_modules/next/dist/trace/trace.js:157:20)
    at async DevServer.handleRequest (file:///Users/pixeloid/VSCode/studyu/node_modules/next/dist/server/dev/next-dev-server.js:383:24)
    at async invokeRender (file:///Users/pixeloid/VSCode/studyu/node_modules/next/dist/server/lib/router-server.js:248:21)
    at async handleRequest (file:///Users/pixeloid/VSCode/studyu/node_modules/next/dist/server/lib/router-server.js:447:24)
    at async requestHandlerImpl (file:///Users/pixeloid/VSCode/studyu/node_modules/next/dist/server/lib/router-server.js:496:13)
    at async Server.requestListener (file:///Users/pixeloid/VSCode/studyu/node_modules/next/dist/server/lib/start-server.js:226:13)
[ 1371285ms] [ERROR] Access to font at 'https://dugattyus.hu/assets/Bugrino-Medium-BerRJcN3.woff2' from origin 'http://localhost:3000' has been blocked by CORS policy: No 'Access-Control-Allow-Origin' header is present on the requested resource. @ http://localhost:3000/admin/idopontok:0
[ 1371285ms] [ERROR] Failed to load resource: net::ERR_FAILED @ https://dugattyus.hu/assets/Bugrino-Medium-BerRJcN3.woff2:0
[ 1376233ms] [ERROR] Failed to load resource: the server responded with a status of 404 (Not Found) @ http://localhost:3000/admin/felhasznalok?_rsc=1fk08:0
[ 1376474ms] [ERROR] Failed to load resource: the server responded with a status of 404 (Not Found) @ http://localhost:3000/admin/felhasznalok:0
[ 1425552ms] [ERROR] Failed to load resource: the server responded with a status of 404 (Not Found) @ http://localhost:3000/admin/felhasznalok?_rsc=kw9md:0
[ 1425720ms] [ERROR] Failed to load resource: the server responded with a status of 404 (Not Found) @ http://localhost:3000/admin/felhasznalok?_rsc=kw9md:0
[ 1425845ms] [ERROR] Failed to load resource: the server responded with a status of 404 (Not Found) @ http://localhost:3000/admin/felhasznalok:0
[ 1437808ms] [ERROR] Failed to load resource: the server responded with a status of 404 (Not Found) @ http://localhost:3000/admin/felhasznalok:0
[ 1440300ms] [ERROR] Failed to load resource: the server responded with a status of 404 (Not Found) @ http://localhost:3000/admin/felhasznalok?_rsc=kw9md:0
[ 1440653ms] [ERROR] Failed to load resource: the server responded with a status of 404 (Not Found) @ http://localhost:3000/admin/felhasznalok?_rsc=kw9md:0
[ 1440877ms] [ERROR] Failed to load resource: the server responded with a status of 404 (Not Found) @ http://localhost:3000/admin/felhasznalok:0
[ 1483943ms] [ERROR] Failed to load resource: the server responded with a status of 404 (Not Found) @ http://localhost:3000/admin/felhasznalok:0
[ 1488416ms] [ERROR] Access to font at 'https://dugattyus.hu/assets/Bugrino-Medium-BerRJcN3.woff2' from origin 'http://localhost:3000' has been blocked by CORS policy: No 'Access-Control-Allow-Origin' header is present on the requested resource. @ http://localhost:3000/admin/felhasznalok:12
[ 1488416ms] [ERROR] Failed to load resource: net::ERR_FAILED @ https://dugattyus.hu/assets/Bugrino-Medium-BerRJcN3.woff2:0
[ 1491737ms] [ERROR] Access to font at 'https://dugattyus.hu/assets/Bugrino-Medium-BerRJcN3.woff2' from origin 'http://localhost:3000' has been blocked by CORS policy: No 'Access-Control-Allow-Origin' header is present on the requested resource. @ http://localhost:3000/admin/felhasznalok:12
[ 1491737ms] [ERROR] Failed to load resource: net::ERR_FAILED @ https://dugattyus.hu/assets/Bugrino-Medium-BerRJcN3.woff2:0
[ 1503628ms] [ERROR] Failed to load resource: the server responded with a status of 404 (Not Found) @ http://localhost:3000/admin/felhasznalok/1b8b1712-9bc2-41b7-92a4-746c468b1842?_rsc=6r74r:0
[ 1503952ms] [ERROR] Failed to load resource: the server responded with a status of 404 (Not Found) @ http://localhost:3000/admin/felhasznalok/1b8b1712-9bc2-41b7-92a4-746c468b1842:0
[ 1510002ms] [ERROR] Failed to load resource: the server responded with a status of 404 (Not Found) @ http://localhost:3000/admin/felhasznalok/1b8b1712-9bc2-41b7-92a4-746c468b1842:0
[ 1528640ms] [ERROR] Failed to load resource: the server responded with a status of 404 (Not Found) @ http://localhost:3000/admin/felhasznalok/1b8b1712-9bc2-41b7-92a4-746c468b1842:0
[ 1540722ms] [ERROR] Failed to load resource: the server responded with a status of 404 (Not Found) @ http://localhost:3000/admin/felhasznalok/1b8b1712-9bc2-41b7-92a4-746c468b1842:0
[ 1558179ms] [ERROR] Access to font at 'https://dugattyus.hu/assets/Bugrino-Medium-BerRJcN3.woff2' from origin 'http://localhost:3000' has been blocked by CORS policy: No 'Access-Control-Allow-Origin' header is present on the requested resource. @ http://localhost:3000/admin/felhasznalok/1b8b1712-9bc2-41b7-92a4-746c468b1842:0
[ 1558179ms] [ERROR] Failed to load resource: net::ERR_FAILED @ https://dugattyus.hu/assets/Bugrino-Medium-BerRJcN3.woff2:0
